<?xml version="1.0" encoding="UTF-8" ?><testsuite errors="0" name="jasmine.specs" tests="3" failures="0" skipped="0" hostname="localhost" time="0.0" timestamp="2017-07-20T12:01:45"><testcase classname="jasmine" name="AuditMessage should create audit message for an unsent SMS, from audit log item of SMS type" time="0.0" failure="false"/><testcase classname="jasmine" name="AuditMessage should create audit message for a sent SMS, from audit log item of SMS type" time="0.0" failure="false"/><testcase classname="jasmine" name="AuditMessage should create audit message for a form submission, from audit log item of FORM_SUBMISSION type" time="0.0" failure="false"/></testsuite>