<?xml version="1.0" encoding="UTF-8"?>
<beans xmlns="http://www.springframework.org/schema/beans"
       xmlns:xsi="http://www.w3.org/2001/XMLSchema-instance"
       xmlns:context="http://www.springframework.org/schema/context"
       xmlns:util="http://www.springframework.org/schema/util"
       xsi:schemaLocation="http://www.springframework.org/schema/beans http://www.springframework.org/schema/beans/spring-beans-3.0.xsd
               http://www.springframework.org/schema/context http://www.springframework.org/schema/context/spring-context-3.0.xsd http://www.springframework.org/schema/util http://www.springframework.org/schema/util/spring-util.xsd">

    <context:property-placeholder location="classpath*:maven.properties,classpath*:activemq.properties,classpath*:opensrp.properties"/>
    <util:properties id="couchdbProperties" location="classpath:couchdb.properties"/>

    <import resource="classpath:applicationPlatformCommonAPI.xml"/>
    <import resource="classpath:applicationContext-opensrp-form.xml"/>

    <import resource="classpath:applicationScheduler.xml"/>
    <import resource="classpath:applicationPlatformServerAPI.xml"/>
    <import resource="classpath:applicationSmsHttp.xml"/>
    <import resource="classpath:applicationSmsAPI.xml"/>
    <import resource="classpath:applicationSchedulerTrackingAPI.xml"/>

    <context:annotation-config/>

    <context:component-scan base-package="org.opensrp.domain"/>
    <context:component-scan base-package="org.opensrp.repository"/>
    <context:component-scan base-package="org.opensrp.scheduler"/>
    <context:component-scan base-package="org.opensrp.service">
        <!--These classes are excluded to enable the context load. This is because
                EventsListener has EventsRouter as a dependency, problem is that IHandlerMapper
                in EventsRouter is an interface that has its implementation in opensrp-register
                and the module(opensrp-register) isn't a dependency of this module. -->
        <context:exclude-filter type="regex" expression="org.opensrp.service.formSubmission.EventsListener"/>
        <context:exclude-filter type="regex" expression="org.opensrp.service.formSubmission.handler.EventsRouter"/>
        <context:exclude-filter type="regex" expression="org.opensrp.service.*DrishtiSMS.*" />
        <context:exclude-filter type="regex" expression="org.opensrp.service.*reporting.*" />
    </context:component-scan>



    <context:component-scan base-package="org.opensrp.service.formSubmission.ziggy"/>


    <bean id="httpClient" class="org.opensrp.util.OpenSRPHttpClientFactoryBean"/>

    <bean id="couchDbInstance" class="org.ektorp.impl.StdCouchDbInstance">
        <constructor-arg ref="httpClient"/>
    </bean>

    <bean id="opensrpDatabaseConnector" class="org.ektorp.impl.StdCouchDbConnector">
        <constructor-arg value="${couchdb.db.opensrp}"/>
        <constructor-arg ref="couchDbInstance"/>
    </bean>

    <bean id="opensrpMCTSDatabaseConnector" class="org.ektorp.impl.StdCouchDbConnector">
        <constructor-arg value="${couchdb.db.mcts}"/>
        <constructor-arg ref="couchDbInstance"/>
    </bean>

    <bean id="opensrpErrorTraceDatabaseConnector" class="org.ektorp.impl.StdCouchDbConnector">
        <constructor-arg value="${couchdb.db.error}"/>
        <constructor-arg ref="couchDbInstance"/>
    </bean>

    <bean id="ds" class="org.springframework.jdbc.datasource.DriverManagerDataSource">
        <property name="driverClassName" value="${jdbc.driverClassName}"/>
        <property name="url" value="${jdbc.url}"/>
        <property name="username" value="${jdbc.username}"/>
        <property name="password" value="${jdbc.password}"/>
    </bean>

    <bean id="template" class="org.springframework.jdbc.core.JdbcTemplate">
        <property name="dataSource" ref="ds"/>
    </bean>
</beans>